Starting preprocessing of the model file ...
Found 9 equation(s).
Evaluating expressions...done
Computing static model derivatives (order 1).
Computing dynamic model derivatives (order 2).
Processing outputs ...
done
Preprocessing completed.

STEADY-STATE RESULTS:

YGR  		 0.55
INFL 		 3.2
INT  		 6.4
y    		 1.1161
c    		 0.948683
r    		 1.01608
p    		 1.008
g    		 1.17647
z    		 1




Residuals of the static equations:

Equation number 1 : 0 : Euler equation
Equation number 2 : 0 : Price setting based on Rotemberg quadratic price adjustment costs and Dixit/Stiglitz aggregator
Equation number 3 : 0 : Market clearing: aggregate supply equals aggregate demand
Equation number 4 : 0 : Taylor rule
Equation number 5 : 0 : Government spending process
Equation number 6 : 0 : Technology growth process
Equation number 7 : 0 : Output growth (q-on-q)
Equation number 8 : 0 : Annualized inflation
Equation number 9 : 0 : Annualized nominal interest rate



EIGENVALUES:
         Modulus             Real        Imaginary

               0                0                0
          0.5066           0.5066                0
             0.9              0.9                0
            0.95             0.95                0
           1.164            1.164                0
           1.276            1.276                0
        2.81e+16        -2.81e+16                0
             Inf              Inf                0


There are 4 eigenvalue(s) larger than 1 in modulus 
for 4 forward-looking variable(s)

The rank condition is verified.

MODEL_DIAGNOSTICS:  No obvious problems with this mod-file were detected.
 

You did not declare endogenous variables after the estimation/calib_smoother command.
Initial value of the log posterior (or likelihood): -457.9129
-----------------
f at the beginning of new iteration,       457.9129305379
Predicted improvement:        0.987488423
lambda =          1; f =          456.3989833
lambda =     1.9332; f =          455.7539011
Norm of dx   0.014053
----
Improvement on iteration 1 =        2.159029411
-----------------
f at the beginning of new iteration,       455.7539011265
Predicted improvement:        1.212402679
lambda =          1; f =          454.4194336
Norm of dx   0.026476
----
Improvement on iteration 2 =        1.334467484
-----------------
f at the beginning of new iteration,       454.4194336421
Predicted improvement:        0.513292793
lambda =          1; f =          453.5265082
lambda =     1.9332; f =          452.9134223
lambda =     3.7372; f =          452.2400554
Norm of dx   0.018568
----
Improvement on iteration 3 =        2.179378238
-----------------
f at the beginning of new iteration,       452.2400554042
Predicted improvement:        0.504585517
lambda =          1; f =          451.4178543
lambda =     1.9332; f =          450.9571055
Norm of dx   0.025793
----
Improvement on iteration 4 =        1.282949954
-----------------
f at the beginning of new iteration,       450.9571054505
Predicted improvement:        0.346820093
lambda =          1; f =          450.4983196
Norm of dx   0.028171
----
Improvement on iteration 5 =        0.458785875
-----------------
f at the beginning of new iteration,       450.4983195751
Predicted improvement:        0.113265838
lambda =          1; f =          450.3413152
Norm of dx   0.015855
----
Improvement on iteration 6 =        0.157004377
-----------------
f at the beginning of new iteration,       450.3413151977
Predicted improvement:        0.081838668
lambda =          1; f =          450.2124688
lambda =     1.9332; f =          450.1600709
Norm of dx    0.01238
----
Improvement on iteration 7 =        0.181244287
-----------------
f at the beginning of new iteration,       450.1600709106
Predicted improvement:        0.098814786
lambda =          1; f =          449.9817874
lambda =     1.9332; f =          449.8516690
lambda =     3.7372; f =          449.7073846
Norm of dx  0.0091078
----
Improvement on iteration 8 =        0.452686262
-----------------
f at the beginning of new iteration,       449.7073846488
Predicted improvement:        0.181632865
lambda =          1; f =          449.4772181
Norm of dx   0.019308
----
Improvement on iteration 9 =        0.230166526
-----------------
f at the beginning of new iteration,       449.4772181231
Predicted improvement:        0.077639866
lambda =          1; f =          449.3921249
Norm of dx   0.013777
----
Improvement on iteration 10 =        0.085093267
-----------------
f at the beginning of new iteration,       449.3921248562
Predicted improvement:        0.080005281
lambda =          1; f =          449.2748922
lambda =     1.9332; f =          449.2580935
Norm of dx   0.013214
----
Improvement on iteration 11 =        0.134031406
-----------------
f at the beginning of new iteration,       449.2580934503
Predicted improvement:        0.116711573
lambda =          1; f =          449.0508944
lambda =     1.9332; f =          448.9065496
lambda =     3.7372; f =          448.7657544
Norm of dx  0.0089693
----
Improvement on iteration 12 =        0.492339008
-----------------
f at the beginning of new iteration,       448.7657544422
Predicted improvement:        0.310697471
lambda =          1; f =          448.3141753
lambda =     1.9332; f =          448.8228299
lambda =     1.3017; f =          448.3181593
Norm of dx   0.052814
----
Improvement on iteration 13 =        0.451579129
-----------------
f at the beginning of new iteration,       448.3141753135
Predicted improvement:        0.162198716
lambda =          1; f =          448.1622342
Norm of dx   0.028874
----
Improvement on iteration 14 =        0.151941087
-----------------
f at the beginning of new iteration,       448.1622342268
Predicted improvement:        0.078089943
lambda =          1; f =          448.1372745
lambda =    0.33333; f =          448.1261568
Norm of dx    0.01685
----
Improvement on iteration 15 =        0.036077421
-----------------
f at the beginning of new iteration,       448.1261568054
Predicted improvement:        0.027149282
lambda =          1; f =          448.0860439
lambda =     1.9332; f =          448.0731432
Norm of dx  0.0071807
----
Improvement on iteration 16 =        0.053013615
-----------------
f at the beginning of new iteration,       448.0731431905
Predicted improvement:        0.018695444
lambda =          1; f =          448.0407277
lambda =     1.9332; f =          448.0186451
lambda =     3.7372; f =          447.9997285
Norm of dx  0.0038085
----
Improvement on iteration 17 =        0.073414655
-----------------
f at the beginning of new iteration,       447.9997285353
Predicted improvement:        0.012738379
lambda =          1; f =          447.9793423
lambda =     1.9332; f =          447.9704119
Norm of dx  0.0051245
----
Improvement on iteration 18 =        0.029316634
-----------------
f at the beginning of new iteration,       447.9704119013
Predicted improvement:        0.009524360
lambda =          1; f =          447.9546027
lambda =     1.9332; f =          447.9456763
Norm of dx   0.003545
----
Improvement on iteration 19 =        0.024735612
-----------------
f at the beginning of new iteration,       447.9456762896
Predicted improvement:        0.015092928
lambda =          1; f =          447.9229572
lambda =     1.9332; f =          447.9154269
Norm of dx  0.0058384
----
Improvement on iteration 20 =        0.030249344
-----------------
f at the beginning of new iteration,       447.9154269457
Predicted improvement:        0.007092078
lambda =          1; f =          447.9035134
lambda =     1.9332; f =          447.8965215
Norm of dx  0.0017849
----
Improvement on iteration 21 =        0.018905491
-----------------
f at the beginning of new iteration,       447.8965214551
Predicted improvement:        0.011690797
lambda =          1; f =          447.8769699
lambda =     1.9332; f =          447.8655595
Norm of dx  0.0044453
----
Improvement on iteration 22 =        0.030961983
-----------------
f at the beginning of new iteration,       447.8655594723
Predicted improvement:        0.026505074
lambda =          1; f =          447.8204327
lambda =     1.9332; f =          447.7915253
lambda =     3.7372; f =          447.7719507
Norm of dx   0.013698
----
Improvement on iteration 23 =        0.093608742
-----------------
f at the beginning of new iteration,       447.7719507301
Predicted improvement:        0.033409774
lambda =          1; f =          447.7205341
lambda =     1.9332; f =          447.6999279
Norm of dx  0.0093949
----
Improvement on iteration 24 =        0.072022793
-----------------
f at the beginning of new iteration,       447.6999279367
Predicted improvement:        0.008097689
lambda =          1; f =          447.6914330
Norm of dx  0.0063881
----
Improvement on iteration 25 =        0.008494946
-----------------
f at the beginning of new iteration,       447.6914329909
Predicted improvement:        0.001123965
lambda =          1; f =          447.6892856
lambda =     1.9332; f =          447.6874599
lambda =     3.7372; f =          447.6844187
lambda =     7.2247; f =          447.6803670
Norm of dx  0.0010993
----
Improvement on iteration 26 =        0.011065997
-----------------
f at the beginning of new iteration,       447.6803669943
Predicted improvement:        0.010236951
lambda =          1; f =          447.6627133
lambda =     1.9332; f =          447.6516142
lambda =     3.7372; f =          447.6436820
Norm of dx  0.0082777
----
Improvement on iteration 27 =        0.036685006
-----------------
f at the beginning of new iteration,       447.6436819884
Predicted improvement:        0.018018202
lambda =          1; f =          447.6136742
lambda =     1.9332; f =          447.5957979
Norm of dx  0.0099572
----
Improvement on iteration 28 =        0.047884121
-----------------
f at the beginning of new iteration,       447.5957978671
Predicted improvement:        0.011378511
lambda =          1; f =          447.5836271
Norm of dx   0.014316
----
Improvement on iteration 29 =        0.012170723
-----------------
f at the beginning of new iteration,       447.5836271440
Predicted improvement:        0.001221994
lambda =          1; f =          447.5814303
lambda =     1.9332; f =          447.5798226
lambda =     3.7372; f =          447.5779209
Norm of dx   0.002136
----
Improvement on iteration 30 =        0.005706216
-----------------
f at the beginning of new iteration,       447.5779209277
Predicted improvement:        0.004361534
lambda =          1; f =          447.5699591
lambda =     1.9332; f =          447.5639011
lambda =     3.7372; f =          447.5557145
Norm of dx  0.0041233
----
Improvement on iteration 31 =        0.022206396
-----------------
f at the beginning of new iteration,       447.5557145317
Predicted improvement:        0.015310909
lambda =          1; f =          447.5329692
lambda =     1.9332; f =          447.5257565
Norm of dx   0.014204
----
Improvement on iteration 32 =        0.029957983
-----------------
f at the beginning of new iteration,       447.5257565489
Predicted improvement:        0.003896204
lambda =          1; f =          447.5208164
Norm of dx  0.0026445
----
Improvement on iteration 33 =        0.004940116
-----------------
f at the beginning of new iteration,       447.5208164331
Predicted improvement:        0.000497741
lambda =          1; f =          447.5202048
Norm of dx 0.00087838
----
Improvement on iteration 34 =        0.000611636
-----------------
f at the beginning of new iteration,       447.5202047975
Predicted improvement:        0.000172029
lambda =          1; f =          447.5198914
lambda =     1.9332; f =          447.5196565
lambda =     3.7372; f =          447.5193598
Norm of dx 0.00037818
----
Improvement on iteration 35 =        0.000845023
-----------------
f at the beginning of new iteration,       447.5193597749
Predicted improvement:        0.000838818
lambda =          1; f =          447.5177701
lambda =     1.9332; f =          447.5164487
lambda =     3.7372; f =          447.5143372
lambda =     7.2247; f =          447.5119057
Norm of dx  0.0017517
----
Improvement on iteration 36 =        0.007454117
-----------------
f at the beginning of new iteration,       447.5119056582
Predicted improvement:        0.007204891
lambda =          1; f =          447.4983517
lambda =     1.9332; f =          447.4864958
lambda =     3.7372; f =          447.4664556
lambda =     7.2247; f =          447.4384783
lambda =     13.967; f =          447.4250684
Norm of dx   0.014368
----
Improvement on iteration 37 =        0.086837264
-----------------
f at the beginning of new iteration,       447.4250683942
Predicted improvement:        0.055584672
lambda =          1; f =          447.3325410
lambda =     1.9332; f =          447.2805821
Norm of dx   0.049871
----
Improvement on iteration 38 =        0.144486317
-----------------
f at the beginning of new iteration,       447.2805820776
Predicted improvement:        0.027907500
lambda =          1; f =          447.2525346
Norm of dx    0.10397
----
Improvement on iteration 39 =        0.028047506
-----------------
f at the beginning of new iteration,       447.2525345712
Predicted improvement:        0.000457122
lambda =          1; f =          447.2519717
Norm of dx  0.0010728
----
Improvement on iteration 40 =        0.000562882
-----------------
f at the beginning of new iteration,       447.2519716896
Predicted improvement:        0.000095070
lambda =          1; f =          447.2518326
lambda =     1.9332; f =          447.2517939
Norm of dx 0.00039927
----
Improvement on iteration 41 =        0.000177815
-----------------
f at the beginning of new iteration,       447.2517938749
Predicted improvement:        0.000087747
lambda =          1; f =          447.2516198
lambda =     1.9332; f =          447.2514599
lambda =     3.7372; f =          447.2511578
lambda =     7.2247; f =          447.2506001
lambda =     13.967; f =          447.2496203
lambda =         27; f =          447.2480934
lambda =     52.196; f =          447.2465123
Norm of dx 0.00040988
----
Improvement on iteration 42 =        0.005281558
-----------------
f at the beginning of new iteration,       447.2465123166
Predicted improvement:        0.005824204
lambda =          1; f =          447.2355053
lambda =     1.9332; f =          447.2263890
lambda =     3.7372; f =          447.2116558
lambda =     7.2247; f =          447.1953489
Norm of dx   0.018588
----
Improvement on iteration 43 =        0.051163449
-----------------
f at the beginning of new iteration,       447.1953488673
Predicted improvement:        0.019119387
lambda =          1; f =          447.1703958
Norm of dx    0.06759
----
Improvement on iteration 44 =        0.024953054
-----------------
f at the beginning of new iteration,       447.1703958138
Predicted improvement:        0.003438624
lambda =          1; f =          447.1668748
Norm of dx   0.019397
----
Improvement on iteration 45 =        0.003521059
-----------------
f at the beginning of new iteration,       447.1668747545
Predicted improvement:        0.000015763
lambda =          1; f =          447.1668608
Norm of dx  0.0011694
----
Improvement on iteration 46 =        0.000013912
-----------------
f at the beginning of new iteration,       447.1668608421
Predicted improvement:        0.000000381
lambda =          1; f =          447.1668605
Norm of dx 0.00010073
----
Improvement on iteration 47 =        0.000000349
-----------------
f at the beginning of new iteration,       447.1668604932
Predicted improvement:        0.000000001
lambda =          1; f =          447.1668605
lambda =    0.33333; f =          447.1668605
lambda =    0.11111; f =          447.1668605
lambda =   0.037037; f =          447.1668605
lambda =   0.012346; f =          447.1668605
lambda =  0.0041152; f =          447.1668605
lambda =  0.0013717; f =          447.1668605
lambda = 0.00045725; f =          447.1668605
lambda = 0.00015242; f =          447.1668605
lambda = 5.0805e-05; f =          447.1668605
lambda = 1.6935e-05; f =          447.1668605
lambda =  5.645e-06; f =          447.1668605
lambda = 1.0913e-05; f =          447.1668605
lambda = 2.1097e-05; f =          447.1668605
lambda = 4.0783e-05; f =          447.1668605
lambda = 2.7461e-05; f =          447.1668605
lambda = 3.4816e-05; f =          447.1668605
lambda =  4.414e-05; f =          447.1668605
lambda = 3.8283e-05; f =          447.1668605
lambda = 3.3202e-05; f =          447.1668605
lambda = 3.6163e-05; f =          447.1668605
lambda = 3.4356e-05; f =          447.1668605
lambda = 3.5429e-05; f =          447.1668605
lambda = 3.4782e-05; f =          447.1668605
lambda = 3.5169e-05; f =          447.1668605
lambda =  3.556e-05; f =          447.1668605
lambda = 3.5956e-05; f =          447.1668605
Norm of dx 3.2077e-06
----
Improvement on iteration 48 =        0.000000000
improvement < crit termination
warning: possible inaccuracy in H matrix

Final value of minus the log posterior (or likelihood):447.166860 

MODE CHECK

Fval obtained by the minimization routine (minus the posterior/likelihood)): 447.166860
[Warning: MATLAB has disabled some advanced graphics rendering features by
switching to software OpenGL. For more information, click <a
href="matlab:opengl('problems')">here</a>.] 

RESULTS FROM POSTERIOR ESTIMATION
parameters
   prior mean     mode    s.d. prior pstdev

RA     0.800   1.1643  0.3783 gamm 0.5000 
PA     4.000   2.5432  0.6198 gamm 2.0000 
GAMQ   0.400   0.4736  0.1358 norm 0.2000 
TAU    2.000   1.8215  0.3732 gamm 0.5000 
NU     0.100   0.1193  0.0299 beta 0.0500 
PSIP   1.500   1.3059  0.1052 gamm 0.2500 
PSIY   0.500   0.1448  0.0592 gamm 0.2500 
RHOR   0.500   0.7160  0.0276 beta 0.2000 
RHOG   0.800   0.8121  0.0510 beta 0.1000 
RHOZ   0.660   0.9095  0.0151 beta 0.1500 
SIGR   0.300   0.2007  0.0151 invg 4.0000 
SIGG   0.400   0.7580  0.0585 invg 4.0000 
SIGZ   0.400   0.2518  0.0255 invg 4.0000 


Log data density [Laplace approximation] is -473.680878.


You did not declare endogenous variables after the estimation/calib_smoother command.

Initial value of the log posterior (or likelihood): -447.1669

MODE CHECK

Fval obtained by the minimization routine (minus the posterior/likelihood)): 447.166860

RESULTS FROM POSTERIOR ESTIMATION
parameters
   prior mean     mode    s.d. prior pstdev

RA     0.800   1.1643  0.3783 gamm 0.5000 
PA     4.000   2.5432  0.6198 gamm 2.0000 
GAMQ   0.400   0.4736  0.1358 norm 0.2000 
TAU    2.000   1.8215  0.3732 gamm 0.5000 
NU     0.100   0.1193  0.0299 beta 0.0500 
PSIP   1.500   1.3059  0.1052 gamm 0.2500 
PSIY   0.500   0.1448  0.0592 gamm 0.2500 
RHOR   0.500   0.7160  0.0276 beta 0.2000 
RHOG   0.800   0.8121  0.0510 beta 0.1000 
RHOZ   0.660   0.9095  0.0151 beta 0.1500 
SIGR   0.300   0.2007  0.0151 invg 4.0000 
SIGG   0.400   0.7580  0.0585 invg 4.0000 
SIGZ   0.400   0.2518  0.0255 invg 4.0000 


Log data density [Laplace approximation] is -473.680878.

Estimation::mcmc: Multiple chains mode.
Estimation::mcmc: Searching for initial values...
Estimation::mcmc: Initial values found!

Estimation::mcmc: Write details about the MCMC... Ok!
Estimation::mcmc: Details about the MCMC are available in AnSchoModTheBuilder/metropolis/AnSchoModTheBuilder_mh_history_0.mat

ssh  @localhost rm -f //posterior_sampler_core_output_*.mat: Signal 127
ssh  @localhost rm -f //comp_status_posterior_sampler_core*.mat: Signal 127
ssh  @localhost rm -f //slaveParallel_break.mat: Signal 127

Estimation::mcmc: Number of mh files: 2 per block.
Estimation::mcmc: Total number of generated files: 8.
Estimation::mcmc: Total number of iterations: 1000000.
Estimation::mcmc: Current acceptance ratio per chain: 
                                                       Chain  1: 27.8652%
                                                       Chain  2: 27.7876%
                                                       Chain  3: 27.8496%
                                                       Chain  4: 27.8325%
Estimation::mcmc: Total number of MH draws per chain: 1000000.
Estimation::mcmc: Total number of generated MH files: 2.
Estimation::mcmc: I'll use mh-files 1 to 2.
Estimation::mcmc: In MH-file number 1 I'll start at line 500001.
Estimation::mcmc: Finally I keep 500000 draws per chain.



MCMC Inefficiency factors per block
Parameter       Block 1     Block 2     Block 3     Block 4
RA               49.216      46.384      43.952      47.004
PA               77.017      68.155      61.946      95.243
GAMQ             56.729      59.105      58.270      68.721
TAU              59.078      57.868      58.174      57.313
NU               72.285      68.484      71.215      80.960
PSIP             86.781      85.261      77.039      81.111
PSIY            108.916     105.460     112.627     115.499
RHOR             74.722      79.495      74.177      80.749
RHOG            104.309     102.728      93.044     111.188
RHOZ             74.226      65.502      75.291      66.225
SIGR             60.966      55.358      63.607      59.343
SIGG             75.204      79.579      79.517      82.784
SIGZ            137.994     127.489     127.359     115.823

Estimation::mcmc::diagnostics: Univariate convergence diagnostic, Brooks and Gelman (1998):
ssh  @localhost rm -f //McMCDiagnostics_core_output_*.mat: Signal 127
ssh  @localhost rm -f //comp_status_McMCDiagnostics_core*.mat: Signal 127
ssh  @localhost rm -f //slaveParallel_break.mat: Signal 127

Estimation::marginal density: I'm computing the posterior mean and covariance...  Done!
Estimation::marginal density: I'm computing the posterior log marginal density (modified harmonic mean)... Done!


ESTIMATION RESULTS

Log data density is -473.234654.

parameters
       prior mean   post. mean        90% HPD interval    prior       pstdev

RA          0.800       1.1532      0.5540      1.7629    gamm       0.5000
PA          4.000       2.5878      1.5554      3.6230    gamm       2.0000
GAMQ        0.400       0.4719      0.2425      0.6965    norm       0.2000
TAU         2.000       1.9001      1.2777      2.4918    gamm       0.5000
NU          0.100       0.1377      0.0827      0.1893    beta       0.0500
PSIP        1.500       1.3415      1.1433      1.5347    gamm       0.2500
PSIY        0.500       0.1872      0.0713      0.2984    gamm       0.2500
RHOR        0.500       0.7269      0.6787      0.7756    beta       0.2000
RHOG        0.800       0.8404      0.7657      0.9170    beta       0.1000
RHOZ        0.660       0.9120      0.8862      0.9385    beta       0.1500
SIGR        0.300       0.2087      0.1815      0.2349    invg       4.0000
SIGG        0.400       0.7607      0.6523      0.8696    invg       4.0000
SIGZ        0.400       0.2722      0.2190      0.3234    invg       4.0000
/bin/bash: pdflatex: command not found

ans =

   127

Total computing time : 0h42m52s
Note: warning(s) encountered in MATLAB/Octave code
